
Skipped:
	Test_ChangedP(): see test/functional/viml/completion_spec.lua
	Test_OptionSet(): Nvim does not support test_override()
	Test_OptionSet_diffmode(): Nvim does not support test_override()
	Test_OptionSet_diffmode_close(): Nvim does not support test_override()
	Test_OptionSet_modeline(): Nvim does not support test_override()
	Test_TextChangedI_with_setline(): Nvim does not support test_override()
	Test_appendbufline_redraw(): cannot make screendumps
	test_clientserver.vim: job and/or clientserver feature missing
	Test_Debugger(): cannot run Vim in a terminal window
	Test_diff_of_diff(): cannot run Vim in a terminal window
	Test_diff_with_cursorline(): cannot run Vim in a terminal window
	Test_show_digraph_cp1251(): Nvim supports 'utf8' encoding only
	Test_edit_08(): moved to test/functional/legacy/edit_spec.lua
	Test_edit_CTRL_R(): Nvim does not support test_override()
	Test_edit_CTRL_V(): Nvim does not support test_override()
	Test_folds_with_rnu(): cannot make screendumps
	Test_cursorline_after_yank(): cannot make screendumps
	Test_cursorline_with_visualmode(): cannot make screendumps
	Test_CompleteDoneNone(): Nvim does not support v:none
	Test_map_special(): Nvim does not support cpoptions flag "<"
	Test_matchadd_other_window(): cannot make screendumps
	Test_matchclear_other_window(): cannot make screendumps
	Test_matchdelete_other_window(): cannot make screendumps
	Test_normal35_g_cmd4(): output of g< can't be tested currently
	Test_normal47_autocmd(): not possible to test cursorhold autocmd while waiting for input in normal_cmd
	Test_profile_typed_func(): cannot run Vim in a terminal window
	Test_quotestar(): Test is not implemented yet for this platform.
	Test_restricted_lua(): Lua is not supported
	Test_restricted_mzscheme(): MzScheme is not supported
	Test_restricted_perl(): Perl is not supported
	Test_restricted_python(): Python is not supported
	Test_restricted_python3(): Python3 is not supported
	Test_restricted_ruby(): Ruby is not supported
	Test_restricted_tcl(): Tcl is not supported
	Test_incsearch_substitute_dump(): cannot make screendumps
	Test_incsearch_with_change(): cannot make screendumps and/or timers feature and/or incsearch option missing
	Test_search_cmdline(): Nvim does not support test_override()
	Test_search_cmdline2(): Nvim does not support test_override()
	Test_search_cmdline3(): Nvim does not support test_override()
	Test_search_cmdline4(): Nvim does not support test_override()
	Test_sign_cursor_position(): cannot make screendumps
	Test_sign_memfailures(): Nvim does not support test_alloc_fail()
	Test_spellinfo(): Nvim does not support enc=latin1
	Test_zz_NOSLITSUGS(): Nvim does not support enc=latin1
	Test_zz_Numbers(): Nvim does not support enc=latin1
	Test_zz_affix(): Nvim does not support enc=latin1
	Test_zz_affix_flags(): Nvim does not support enc=latin1
	Test_zz_basic(): Nvim does not support enc=latin1
	Test_zz_compound(): Nvim does not support enc=latin1
	Test_zz_prefixes(): Nvim does not support enc=latin1
	Test_zz_sal_and_addition(): Nvim does not support enc=latin1
	Test_compatible_args(): Nvim is always 'nocompatible'
	Test_startup_script(): Nvim does not need defaults.vim
	Test_sub_cmd_6(): Nvim removed POSIX-related 'cpoptions' flags
	Test_swapfile_delete(): need the "blob" feature for this test
	Test_syntax_c(): cannot make screendumps
	Test_peek_and_get_char(): Nvim does not support test_feedinput()
	Test_undo_del_chars(): Nvim does not support test_settime()
	Test_undofile_cryptmethod_blowfish(): Nvim does not support cryptmethod
	Test_undofile_cryptmethod_blowfish2(): Nvim does not support cryptmethod
	Test_undofile_cryptmethod_zip(): Nvim does not support cryptmethod
	Test_undofile_earlier(): Nvim does not support test_settime()
	Test_virtual_replace(): TODO: 
	Test_detect_ambiwidth(): cannot run Vim in a terminal window
	Test_complete_o_tab(): Nvim does not support test_override()
	Test_echoerr(): Nvim does not support test_ignore_error()
	Test_join_spaces_marks(): Nvim does not support "set compatible" or "set cpoptions+=j"
	Test_screenpos(): TODO: 
	Test_statusline_removed_group(): cannot make screendumps
	Test_tabpage_cmdheight(): cannot make screendumps
	Test_tag_file_encoding(): Nvim removed test83-tags2, test83-tags3
	Test_translate_menu(): translated menu not found

-------------------------------
Executed:  1560 Tests
 Skipped:    72 Tests
  FAILED:     1 Tests


Failures: 
	From test_registers.vim:
	Found errors in Test_display_registers():
	function RunTheTest[44]..Test_display_registers line 12: Expected '\n--- Registers ---\n""   a\n"0   ba\n"1   b\n"a   b\n"q   ^Jfunction Test_aaa_empty_reg_test()^Jfunction Test_get_register()^Jfuncti\n"-   a\nclipboard: error: no buffers\n".   8\n":   ls\n"%   file2\n"#   file1\n"/   bar\n"=   2*4' but got '\n--- Registers ---\n""   a\n"0   ba\n"1   b\n"a   b\n"q   ^Jfunction Test_aaa_empty_reg_test()^Jfunction Test_get_register()^Jfuncti\n"-   a\n".   8\n":   ls\n"%   file2\n"#   file1\n"/   bar\n"=   2*4'

